2024-08-23 16:06:35,595  INFO {com.careerconnect.backend.CarrerconnectBackendApplication} Starting CarrerconnectBackendApplication using Java 21.0.4 with PID 1812 (C:\careerconnect\careerconnect\out\production\classes started by r2com in C:\careerconnect\careerconnect)
2024-08-23 16:06:35,596 DEBUG {com.careerconnect.backend.CarrerconnectBackendApplication} Running with Spring Boot v3.3.2, Spring v6.1.11
2024-08-23 16:06:35,597  INFO {com.careerconnect.backend.CarrerconnectBackendApplication} The following 1 profile is active: "prod"
2024-08-23 16:19:43,153  INFO {com.careerconnect.backend.CarrerconnectBackendApplication} Starting CarrerconnectBackendApplication using Java 21.0.4 with PID 3220 (C:\careerconnect\careerconnect\out\production\classes started by r2com in C:\careerconnect\careerconnect)
2024-08-23 16:19:43,164 DEBUG {com.careerconnect.backend.CarrerconnectBackendApplication} Running with Spring Boot v3.3.2, Spring v6.1.11
2024-08-23 16:19:43,165  INFO {com.careerconnect.backend.CarrerconnectBackendApplication} The following 1 profile is active: "prod"
2024-08-26 23:41:19,373  INFO {com.careerconnect.backend.CarrerconnectBackendApplication} Starting CarrerconnectBackendApplication using Java 21.0.4 with PID 1748 (C:\careerconnect\careerconnect\out\production\classes started by r2com in C:\careerconnect\careerconnect)
2024-08-26 23:41:19,384 DEBUG {com.careerconnect.backend.CarrerconnectBackendApplication} Running with Spring Boot v3.3.3, Spring v6.1.12
2024-08-26 23:41:19,386  INFO {com.careerconnect.backend.CarrerconnectBackendApplication} The following 1 profile is active: "prod"
2024-08-26 23:41:29,665  INFO {com.careerconnect.backend.CarrerconnectBackendApplication} Started CarrerconnectBackendApplication in 11.463 seconds (process running for 12.354)
2024-08-26 23:41:29,675  INFO {com.careerconnect.backend.common.runner.DatabaseRunner} DataSource 구현객체는 com.zaxxer.hikari.HikariDataSource 
2024-08-26 23:41:29,679  INFO {com.careerconnect.backend.common.runner.DatabaseRunner} DB Product Name = H2
2024-08-26 23:41:29,679  INFO {com.careerconnect.backend.common.runner.DatabaseRunner} DB URL = jdbc:h2:mem:03e1f8a9-c06b-49cb-8cc2-43e34d67c35f
2024-08-26 23:41:29,679  INFO {com.careerconnect.backend.common.runner.DatabaseRunner} DB Username = SA
2024-08-26 23:54:41,771  INFO {com.careerconnect.backend.CarrerconnectBackendApplication} Starting CarrerconnectBackendApplication using Java 21.0.4 with PID 21904 (C:\careerconnect\careerconnect\out\production\classes started by r2com in C:\careerconnect\careerconnect)
2024-08-26 23:54:41,774 DEBUG {com.careerconnect.backend.CarrerconnectBackendApplication} Running with Spring Boot v3.3.3, Spring v6.1.12
2024-08-26 23:54:41,776  INFO {com.careerconnect.backend.CarrerconnectBackendApplication} The following 1 profile is active: "prod"
2024-08-26 23:54:52,186  INFO {com.careerconnect.backend.CarrerconnectBackendApplication} Started CarrerconnectBackendApplication in 11.527 seconds (process running for 12.638)
2024-08-26 23:54:52,191  INFO {com.careerconnect.backend.common.runner.DatabaseRunner} DataSource 구현객체는 com.zaxxer.hikari.HikariDataSource 
2024-08-26 23:54:52,194  INFO {com.careerconnect.backend.common.runner.DatabaseRunner} DB Product Name = H2
2024-08-26 23:54:52,194  INFO {com.careerconnect.backend.common.runner.DatabaseRunner} DB URL = jdbc:h2:mem:1a53d226-11f9-4345-ac2f-0b780da977e5
2024-08-26 23:54:52,194  INFO {com.careerconnect.backend.common.runner.DatabaseRunner} DB Username = SA
2024-08-26 23:55:57,325 DEBUG {com.careerconnect.backend.common.interceptor.LoggerInterceptor} ***************** START *****************
2024-08-26 23:55:57,326 DEBUG {com.careerconnect.backend.common.interceptor.LoggerInterceptor}  Request URI 	/open-api/user/login
2024-08-26 23:55:57,826 ERROR {com.careerconnect.backend.common.exceptionhandler.ApiExceptionHandler} 
com.careerconnect.backend.common.exception.ApiException: 잘못된 요청
	at com.careerconnect.backend.domain.user.service.UserService.lambda$login$0(UserService.java:34)
	at java.base/java.util.Optional.orElseThrow(Optional.java:403)
	at com.careerconnect.backend.domain.user.service.UserService.login(UserService.java:34)
	at com.careerconnect.backend.domain.user.business.UserBusiness.login(UserBusiness.java:43)
	at com.careerconnect.backend.domain.user.controller.UserOpenApiController.login(UserOpenApiController.java:43)
	at java.base/jdk.internal.reflect.DirectMethodHandleAccessor.invoke(DirectMethodHandleAccessor.java:103)
	at java.base/java.lang.reflect.Method.invoke(Method.java:580)
	at org.springframework.web.method.support.InvocableHandlerMethod.doInvoke(InvocableHandlerMethod.java:255)
	at org.springframework.web.method.support.InvocableHandlerMethod.invokeForRequest(InvocableHandlerMethod.java:188)
	at org.springframework.web.servlet.mvc.method.annotation.ServletInvocableHandlerMethod.invokeAndHandle(ServletInvocableHandlerMethod.java:118)
	at org.springframework.web.servlet.mvc.method.annotation.RequestMappingHandlerAdapter.invokeHandlerMethod(RequestMappingHandlerAdapter.java:926)
	at org.springframework.web.servlet.mvc.method.annotation.RequestMappingHandlerAdapter.handleInternal(RequestMappingHandlerAdapter.java:831)
	at org.springframework.web.servlet.mvc.method.AbstractHandlerMethodAdapter.handle(AbstractHandlerMethodAdapter.java:87)
	at org.springframework.web.servlet.DispatcherServlet.doDispatch(DispatcherServlet.java:1089)
	at org.springframework.web.servlet.DispatcherServlet.doService(DispatcherServlet.java:979)
	at org.springframework.web.servlet.FrameworkServlet.processRequest(FrameworkServlet.java:1014)
	at org.springframework.web.servlet.FrameworkServlet.doPost(FrameworkServlet.java:914)
	at jakarta.servlet.http.HttpServlet.service(HttpServlet.java:590)
	at org.springframework.web.servlet.FrameworkServlet.service(FrameworkServlet.java:885)
	at jakarta.servlet.http.HttpServlet.service(HttpServlet.java:658)
	at org.apache.catalina.core.ApplicationFilterChain.internalDoFilter(ApplicationFilterChain.java:195)
	at org.apache.catalina.core.ApplicationFilterChain.doFilter(ApplicationFilterChain.java:140)
	at org.apache.tomcat.websocket.server.WsFilter.doFilter(WsFilter.java:51)
	at org.apache.catalina.core.ApplicationFilterChain.internalDoFilter(ApplicationFilterChain.java:164)
	at org.apache.catalina.core.ApplicationFilterChain.doFilter(ApplicationFilterChain.java:140)
	at org.springframework.web.filter.CompositeFilter$VirtualFilterChain.doFilter(CompositeFilter.java:108)
	at org.springframework.security.web.FilterChainProxy.lambda$doFilterInternal$3(FilterChainProxy.java:231)
	at org.springframework.security.web.FilterChainProxy$VirtualFilterChain.doFilter(FilterChainProxy.java:365)
	at org.springframework.security.web.access.intercept.AuthorizationFilter.doFilter(AuthorizationFilter.java:100)
	at org.springframework.security.web.FilterChainProxy$VirtualFilterChain.doFilter(FilterChainProxy.java:374)
	at org.springframework.security.web.access.ExceptionTranslationFilter.doFilter(ExceptionTranslationFilter.java:126)
	at org.springframework.security.web.access.ExceptionTranslationFilter.doFilter(ExceptionTranslationFilter.java:120)
	at org.springframework.security.web.FilterChainProxy$VirtualFilterChain.doFilter(FilterChainProxy.java:374)
	at org.springframework.security.web.authentication.AnonymousAuthenticationFilter.doFilter(AnonymousAuthenticationFilter.java:100)
	at org.springframework.security.web.FilterChainProxy$VirtualFilterChain.doFilter(FilterChainProxy.java:374)
	at org.springframework.security.web.servletapi.SecurityContextHolderAwareRequestFilter.doFilter(SecurityContextHolderAwareRequestFilter.java:179)
	at org.springframework.security.web.FilterChainProxy$VirtualFilterChain.doFilter(FilterChainProxy.java:374)
	at org.springframework.security.web.savedrequest.RequestCacheAwareFilter.doFilter(RequestCacheAwareFilter.java:63)
	at org.springframework.security.web.FilterChainProxy$VirtualFilterChain.doFilter(FilterChainProxy.java:374)
	at org.springframework.security.web.authentication.logout.LogoutFilter.doFilter(LogoutFilter.java:107)
	at org.springframework.security.web.authentication.logout.LogoutFilter.doFilter(LogoutFilter.java:93)
	at org.springframework.security.web.FilterChainProxy$VirtualFilterChain.doFilter(FilterChainProxy.java:374)
	at org.springframework.security.web.header.HeaderWriterFilter.doHeadersAfter(HeaderWriterFilter.java:90)
	at org.springframework.security.web.header.HeaderWriterFilter.doFilterInternal(HeaderWriterFilter.java:75)
	at org.springframework.web.filter.OncePerRequestFilter.doFilter(OncePerRequestFilter.java:116)
	at org.springframework.security.web.FilterChainProxy$VirtualFilterChain.doFilter(FilterChainProxy.java:374)
	at org.springframework.security.web.context.SecurityContextHolderFilter.doFilter(SecurityContextHolderFilter.java:82)
	at org.springframework.security.web.context.SecurityContextHolderFilter.doFilter(SecurityContextHolderFilter.java:69)
	at org.springframework.security.web.FilterChainProxy$VirtualFilterChain.doFilter(FilterChainProxy.java:374)
	at org.springframework.security.web.context.request.async.WebAsyncManagerIntegrationFilter.doFilterInternal(WebAsyncManagerIntegrationFilter.java:62)
	at org.springframework.web.filter.OncePerRequestFilter.doFilter(OncePerRequestFilter.java:116)
	at org.springframework.security.web.FilterChainProxy$VirtualFilterChain.doFilter(FilterChainProxy.java:374)
	at org.springframework.security.web.session.DisableEncodeUrlFilter.doFilterInternal(DisableEncodeUrlFilter.java:42)
	at org.springframework.web.filter.OncePerRequestFilter.doFilter(OncePerRequestFilter.java:116)
	at org.springframework.security.web.FilterChainProxy$VirtualFilterChain.doFilter(FilterChainProxy.java:374)
	at org.springframework.security.web.FilterChainProxy.doFilterInternal(FilterChainProxy.java:233)
	at org.springframework.security.web.FilterChainProxy.doFilter(FilterChainProxy.java:191)
	at org.springframework.web.filter.CompositeFilter$VirtualFilterChain.doFilter(CompositeFilter.java:113)
	at org.springframework.web.servlet.handler.HandlerMappingIntrospector.lambda$createCacheFilter$3(HandlerMappingIntrospector.java:195)
	at org.springframework.web.filter.CompositeFilter$VirtualFilterChain.doFilter(CompositeFilter.java:113)
	at org.springframework.web.filter.CompositeFilter.doFilter(CompositeFilter.java:74)
	at org.springframework.security.config.annotation.web.configuration.WebMvcSecurityConfiguration$CompositeFilterChainProxy.doFilter(WebMvcSecurityConfiguration.java:230)
	at org.springframework.web.filter.DelegatingFilterProxy.invokeDelegate(DelegatingFilterProxy.java:352)
	at org.springframework.web.filter.DelegatingFilterProxy.doFilter(DelegatingFilterProxy.java:268)
	at org.apache.catalina.core.ApplicationFilterChain.internalDoFilter(ApplicationFilterChain.java:164)
	at org.apache.catalina.core.ApplicationFilterChain.doFilter(ApplicationFilterChain.java:140)
	at org.springframework.web.filter.RequestContextFilter.doFilterInternal(RequestContextFilter.java:100)
	at org.springframework.web.filter.OncePerRequestFilter.doFilter(OncePerRequestFilter.java:116)
	at org.apache.catalina.core.ApplicationFilterChain.internalDoFilter(ApplicationFilterChain.java:164)
	at org.apache.catalina.core.ApplicationFilterChain.doFilter(ApplicationFilterChain.java:140)
	at org.springframework.web.filter.FormContentFilter.doFilterInternal(FormContentFilter.java:93)
	at org.springframework.web.filter.OncePerRequestFilter.doFilter(OncePerRequestFilter.java:116)
	at org.apache.catalina.core.ApplicationFilterChain.internalDoFilter(ApplicationFilterChain.java:164)
	at org.apache.catalina.core.ApplicationFilterChain.doFilter(ApplicationFilterChain.java:140)
	at org.springframework.web.filter.CharacterEncodingFilter.doFilterInternal(CharacterEncodingFilter.java:201)
	at org.springframework.web.filter.OncePerRequestFilter.doFilter(OncePerRequestFilter.java:116)
	at org.apache.catalina.core.ApplicationFilterChain.internalDoFilter(ApplicationFilterChain.java:164)
	at org.apache.catalina.core.ApplicationFilterChain.doFilter(ApplicationFilterChain.java:140)
	at org.apache.catalina.core.StandardWrapperValve.invoke(StandardWrapperValve.java:167)
	at org.apache.catalina.core.StandardContextValve.invoke(StandardContextValve.java:90)
	at org.apache.catalina.authenticator.AuthenticatorBase.invoke(AuthenticatorBase.java:483)
	at org.apache.catalina.core.StandardHostValve.invoke(StandardHostValve.java:115)
	at org.apache.catalina.valves.ErrorReportValve.invoke(ErrorReportValve.java:93)
	at org.apache.catalina.core.StandardEngineValve.invoke(StandardEngineValve.java:74)
	at org.apache.catalina.connector.CoyoteAdapter.service(CoyoteAdapter.java:344)
	at org.apache.coyote.http11.Http11Processor.service(Http11Processor.java:384)
	at org.apache.coyote.AbstractProcessorLight.process(AbstractProcessorLight.java:63)
	at org.apache.coyote.AbstractProtocol$ConnectionHandler.process(AbstractProtocol.java:904)
	at org.apache.tomcat.util.net.NioEndpoint$SocketProcessor.doRun(NioEndpoint.java:1741)
	at org.apache.tomcat.util.net.SocketProcessorBase.run(SocketProcessorBase.java:52)
	at org.apache.tomcat.util.threads.ThreadPoolExecutor.runWorker(ThreadPoolExecutor.java:1190)
	at org.apache.tomcat.util.threads.ThreadPoolExecutor$Worker.run(ThreadPoolExecutor.java:659)
	at org.apache.tomcat.util.threads.TaskThread$WrappingRunnable.run(TaskThread.java:63)
	at java.base/java.lang.Thread.run(Thread.java:1583)
